<?xml version="1.0" encoding="UTF-8" ?>
<testsuites>
<testsuite name="my app" errors="0" tests="2" failures="0" time="3.104" timestamp="2014-05-26T12:40:40">
  <testcase classname="my app" name="should automatically redirect to /home when location hash/fragment is empty" time="1.175"></testcase>
  <testcase classname="my app" name="should automatically redirect to /home when location hash/gragment in incorrect" time="0.53"></testcase>
</testsuite>
<testsuite name="my app.home" errors="0" tests="1" failures="0" time="0.763" timestamp="2014-05-26T12:40:42">
  <testcase classname="my app.home" name="should render home when user navigates to /home" time="0.763"></testcase>
</testsuite>
<testsuite name="my app.filter" errors="0" tests="1" failures="0" time="0.633" timestamp="2014-05-26T12:40:42">
  <testcase classname="my app.filter" name="should render filter when user navigates to /filter" time="0.632"></testcase>
</testsuite>
</testsuites>